0 info it worked if it ends with ok
1 verbose cli [ 'C:\\Program Files\\nodejs\\node.exe',
1 verbose cli   'C:\\Program Files\\nodejs\\node_modules\\npm\\bin\\npm-cli.js',
1 verbose cli   'run',
1 verbose cli   'deploy' ]
2 info using npm@3.10.8
3 info using node@v6.9.1
4 verbose run-script [ 'predeploy', 'deploy', 'postdeploy' ]
5 info lifecycle react-boilerplate@2.5.6~predeploy: react-boilerplate@2.5.6
6 silly lifecycle react-boilerplate@2.5.6~predeploy: no script for predeploy, continuing
7 info lifecycle react-boilerplate@2.5.6~deploy: react-boilerplate@2.5.6
8 verbose lifecycle react-boilerplate@2.5.6~deploy: unsafe-perm in lifecycle true
9 verbose lifecycle react-boilerplate@2.5.6~deploy: PATH: C:\Users\printz\AppData\Roaming\nvm\v6.9.1\node_modules\npm\bin\node-gyp-bin;E:\webdev\books\survivejs_webpack_react\react_demo\kanban-app\node_modules\.bin;C:\Users\printz\bin;C:\Users\printz\AppData\Local\Programs\Git\mingw64\bin;C:\Users\printz\AppData\Local\Programs\Git\usr\local\bin;C:\Users\printz\AppData\Local\Programs\Git\usr\bin;C:\Users\printz\AppData\Local\Programs\Git\usr\bin;C:\Users\printz\AppData\Local\Programs\Git\cmd;C:\Program Files\ConEmu;C:\Program Files\ConEmu\ConEmu;C:\ProgramData\Oracle\Java\javapath;C:\Windows\system32;C:\Windows;C:\Windows\System32\Wbem;C:\Windows\System32\WindowsPowerShell\v1.0;C:\Users\printz\AppData\Roaming\nvm;C:\Program Files\nodejs;C:\Program Files (x86)\Skype\Phone;C:\Program Files\Java\jdk1.8.0_71\bin;C:\apache-ant-1.9.6\bin;C:\Users\printz\AppData\Local\Android\sdk\platform-tools;C:\Users\printz\AppData\Local\Android\sdk;C:\Program Files\nodejs;C:\Ruby22-x64\bin;C:\Program Files\Nodejs;C:\Users\printz\AppData\Local\Programs\Git\cmd;C:\Users\printz\AppData\Roaming\npm;C:\adb;C:\Ruby22-x64\bin;C:\Program Files\Nodejs;C:\Users\printz\AppData\Local\Programs\Git\cmd;C:\Users\printz\AppData\Roaming\nvm;C:\Program Files\nodejs;C:\Program Files\Java\jdk1.8.0_71\bin;C:\apache-ant-1.9.6\bin;C:\Users\printz\AppData\Local\Android\sdk\platform-tools;C:\Users\printz\AppData\Local\Android\sdk;C:\Users\printz\AppData\Roaming\npm;C:\Users\printz\AppData\Local\Programs\Git\usr\bin\vendor_perl;C:\Users\printz\AppData\Local\Programs\Git\usr\bin\core_perl
10 verbose lifecycle react-boilerplate@2.5.6~deploy: CWD: E:\webdev\books\survivejs_webpack_react\react_demo\kanban-app
11 silly lifecycle react-boilerplate@2.5.6~deploy: Args: [ '/d /s /c', 'gh-pages -d build' ]
12 silly lifecycle react-boilerplate@2.5.6~deploy: Returned: code: 1  signal: null
13 info lifecycle react-boilerplate@2.5.6~deploy: Failed to exec deploy script
14 verbose stack Error: react-boilerplate@2.5.6 deploy: `gh-pages -d build`
14 verbose stack Exit status 1
14 verbose stack     at EventEmitter.<anonymous> (C:\Users\printz\AppData\Roaming\nvm\v6.9.1\node_modules\npm\lib\utils\lifecycle.js:255:16)
14 verbose stack     at emitTwo (events.js:106:13)
14 verbose stack     at EventEmitter.emit (events.js:191:7)
14 verbose stack     at ChildProcess.<anonymous> (C:\Users\printz\AppData\Roaming\nvm\v6.9.1\node_modules\npm\lib\utils\spawn.js:40:14)
14 verbose stack     at emitTwo (events.js:106:13)
14 verbose stack     at ChildProcess.emit (events.js:191:7)
14 verbose stack     at maybeClose (internal/child_process.js:877:16)
14 verbose stack     at Process.ChildProcess._handle.onexit (internal/child_process.js:226:5)
15 verbose pkgid react-boilerplate@2.5.6
16 verbose cwd E:\webdev\books\survivejs_webpack_react\react_demo\kanban-app
17 error Windows_NT 6.1.7601
18 error argv "C:\\Program Files\\nodejs\\node.exe" "C:\\Program Files\\nodejs\\node_modules\\npm\\bin\\npm-cli.js" "run" "deploy"
19 error node v6.9.1
20 error npm  v3.10.8
21 error code ELIFECYCLE
22 error react-boilerplate@2.5.6 deploy: `gh-pages -d build`
22 error Exit status 1
23 error Failed at the react-boilerplate@2.5.6 deploy script 'gh-pages -d build'.
23 error Make sure you have the latest version of node.js and npm installed.
23 error If you do, this is most likely a problem with the react-boilerplate package,
23 error not with npm itself.
23 error Tell the author that this fails on your system:
23 error     gh-pages -d build
23 error You can get information on how to open an issue for this project with:
23 error     npm bugs react-boilerplate
23 error Or if that isn't available, you can get their info via:
23 error     npm owner ls react-boilerplate
23 error There is likely additional logging output above.
24 verbose exit [ 1, true ]
